生成启动时间为 2013/4/13 10:09:17。
     1>项目“D:\VCPRJ\RHPRJ\NPSev\NPSev\NPSev.vcxproj”在节点 2 上(build 个目标)。
     1>C:\Program Files (x86)\MSBuild\Microsoft.Cpp\v4.0\Microsoft.CppBuild.targets(299,5): warning MSB8004: Output 目录未以斜杠结尾。此生成实例将添加斜杠，因为必须有这个斜杠才能正确计算 Output 目录。
     1>InitializeBuildStatus:
         正在创建“Debug\NPSev.unsuccessfulbuild”，因为已指定“AlwaysCreate”。
       ClCompile:
         所有输出均为最新。
         C:\Program Files (x86)\Microsoft Visual Studio 10.0\VC\bin\CL.exe /c /Zi /nologo /W3 /WX- /Od /Oy- /D WIN32 /D _WINDOWS /D _DEBUG /D _MBCS /Gm /EHsc /RTC1 /MT /GS /fp:precise /Zc:wchar_t /Zc:forScope /Yu"StdAfx.h" /Fp"Debug\Start.pch" /Fo"Debug\\" /Fd"Debug\vc100.pdb" /Gd /TP /analyze- /errorReport:prompt NPSevDlg.cpp
         NPSevDlg.cpp
     1>NPSevDlg.cpp(397): warning C4996: 'sprintf': This function or variable may be unsafe. Consider using sprintf_s instead. To disable deprecation, use _CRT_SECURE_NO_WARNINGS. See online help for details.
                 C:\Program Files (x86)\Microsoft Visual Studio 10.0\VC\include\stdio.h(371) : 参见“sprintf”的声明
     1>NPSevDlg.cpp(585): warning C4996: 'sprintf': This function or variable may be unsafe. Consider using sprintf_s instead. To disable deprecation, use _CRT_SECURE_NO_WARNINGS. See online help for details.
                 C:\Program Files (x86)\Microsoft Visual Studio 10.0\VC\include\stdio.h(371) : 参见“sprintf”的声明
       ResourceCompile:
         所有输出均为最新。
       Link:
         C:\Program Files (x86)\Microsoft Visual Studio 10.0\VC\bin\link.exe /ERRORREPORT:PROMPT /OUT:"D:\VCPRJ\RHPRJ\RH_OUT_DEBUG\Start.exe" /INCREMENTAL:NO /NOLOGO /NODEFAULTLIB:LIBCMT.lib /MANIFEST /ManifestFile:"Debug\Start.exe.intermediate.manifest" /MANIFESTUAC:"level='asInvoker' uiAccess='false'" /DEBUG /PDB:"D:\VCPRJ\RHPRJ\RH_OUT_DEBUG\Start.pdb" /SUBSYSTEM:WINDOWS /TLBID:1 /DYNAMICBASE /NXCOMPAT /IMPLIB:"D:\VCPRJ\RHPRJ\RH_OUT_DEBUG\Start.lib" /MACHINE:X86 Debug\NPSev.res
         Debug\NPSev.obj
         Debug\NPSevDlg.obj
         Debug\stdafx.obj
         NPSev.vcxproj -> D:\VCPRJ\RHPRJ\RH_OUT_DEBUG\Start.exe
       Manifest:
         C:\Program Files (x86)\Microsoft SDKs\Windows\v7.0A\bin\mt.exe /nologo /verbose /outputresource:"D:\VCPRJ\RHPRJ\RH_OUT_DEBUG\Start.exe;#1" /manifest Debug\Start.exe.intermediate.manifest "C:\Program Files (x86)\Microsoft Visual Studio 10.0\VC\Include\Manifest\dpiaware.manifest"
       FinalizeBuildStatus:
         正在删除文件“Debug\NPSev.unsuccessfulbuild”。
         正在对“Debug\NPSev.lastbuildstate”执行 Touch 任务。
     1>已完成生成项目“D:\VCPRJ\RHPRJ\NPSev\NPSev\NPSev.vcxproj”(build 个目标)的操作。

生成成功。

已用时间 00:00:18.35
