D:\Download\NPSev\NPSev\Debug\cl.command.1.tlog
D:\Download\NPSev\NPSev\Debug\CL.read.1.tlog
D:\Download\NPSev\NPSev\Debug\CL.write.1.tlog
D:\Download\NPSev\NPSev\Debug\link.command.1.tlog
D:\Download\NPSev\NPSev\Debug\link.read.1.tlog
D:\Download\NPSev\NPSev\Debug\link.write.1.tlog
D:\Download\NPSev\NPSev\Debug\link-cvtres.read.1.tlog
D:\Download\NPSev\NPSev\Debug\link-cvtres.write.1.tlog
D:\Download\NPSev\NPSev\Debug\mt.command.1.tlog
D:\Download\NPSev\NPSev\Debug\mt.read.1.tlog
D:\Download\NPSev\NPSev\Debug\mt.write.1.tlog
D:\DOWNLOAD\NPSEV\NPSEV\DEBUG\NPSEV.EXE
D:\Download\NPSev\NPSev\Debug\NPSev.exe.intermediate.manifest
D:\DOWNLOAD\NPSEV\NPSEV\DEBUG\NPSEV.OBJ
D:\DOWNLOAD\NPSEV\NPSEV\DEBUG\NPSEV.PCH
D:\Download\NPSev\NPSev\Debug\NPSev.pdb
D:\DOWNLOAD\NPSEV\NPSEV\DEBUG\NPSEV.RES
D:\DOWNLOAD\NPSEV\NPSEV\DEBUG\NPSEVDLG.OBJ
D:\Download\NPSev\NPSev\Debug\rc.command.1.tlog
D:\Download\NPSev\NPSev\Debug\rc.read.1.tlog
D:\Download\NPSev\NPSev\Debug\rc.write.1.tlog
D:\DOWNLOAD\NPSEV\NPSEV\DEBUG\STDAFX.OBJ
D:\Download\NPSev\NPSev\Debug\vc100.idb
D:\DOWNLOAD\NPSEV\NPSEV\DEBUG\VC100.PDB
